{"name":"addVacancy","status":"failed","statusDetails":{"known":false,"muted":false,"flaky":false,"message":"expected [true] but found [false]","trace":"java.lang.AssertionError: expected [true] but found [false]\n\tat org.testng.Assert.fail(Assert.java:94)\n\tat org.testng.Assert.failNotEquals(Assert.java:496)\n\tat org.testng.Assert.assertTrue(Assert.java:42)\n\tat org.testng.Assert.assertTrue(Assert.java:52)\n\tat AddVacancy.addVacancy(AddVacancy.java:23)\n\tat sun.reflect.NativeMethodAccessorImpl.invoke0(Native Method)\n\tat sun.reflect.NativeMethodAccessorImpl.invoke(NativeMethodAccessorImpl.java:62)\n\tat sun.reflect.DelegatingMethodAccessorImpl.invoke(DelegatingMethodAccessorImpl.java:43)\n\tat java.lang.reflect.Method.invoke(Method.java:498)\n\tat org.testng.internal.MethodInvocationHelper.invokeMethod(MethodInvocationHelper.java:85)\n\tat org.testng.internal.Invoker.invokeMethod(Invoker.java:639)\n\tat org.testng.internal.Invoker.invokeTestMethod(Invoker.java:816)\n\tat org.testng.internal.Invoker.invokeTestMethods(Invoker.java:1124)\n\tat org.testng.internal.TestMethodWorker.invokeTestMethods(TestMethodWorker.java:125)\n\tat org.testng.internal.TestMethodWorker.run(TestMethodWorker.java:108)\n\tat org.testng.TestRunner.privateRun(TestRunner.java:774)\n\tat org.testng.TestRunner.run(TestRunner.java:624)\n\tat org.testng.SuiteRunner.runTest(SuiteRunner.java:359)\n\tat org.testng.SuiteRunner.access$000(SuiteRunner.java:39)\n\tat org.testng.SuiteRunner$SuiteWorker.run(SuiteRunner.java:393)\n\tat org.testng.internal.thread.ThreadUtil$2.call(ThreadUtil.java:64)\n\tat java.util.concurrent.FutureTask.run(FutureTask.java:266)\n\tat java.util.concurrent.ThreadPoolExecutor.runWorker(ThreadPoolExecutor.java:1149)\n\tat java.util.concurrent.ThreadPoolExecutor$Worker.run(ThreadPoolExecutor.java:624)\n\tat java.lang.Thread.run(Thread.java:748)\n"},"stage":"finished","description":"navigate to add vacancy page","steps":[{"name":"navigate to add vacancy page","status":"failed","statusDetails":{"known":false,"muted":false,"flaky":false,"message":"expected [true] but found [false]","trace":"java.lang.AssertionError: expected [true] but found [false]\n\tat org.testng.Assert.fail(Assert.java:94)\n\tat org.testng.Assert.failNotEquals(Assert.java:496)\n\tat org.testng.Assert.assertTrue(Assert.java:42)\n\tat org.testng.Assert.assertTrue(Assert.java:52)\n\tat AddVacancy.addVacancy(AddVacancy.java:23)\n\tat sun.reflect.NativeMethodAccessorImpl.invoke0(Native Method)\n\tat sun.reflect.NativeMethodAccessorImpl.invoke(NativeMethodAccessorImpl.java:62)\n\tat sun.reflect.DelegatingMethodAccessorImpl.invoke(DelegatingMethodAccessorImpl.java:43)\n\tat java.lang.reflect.Method.invoke(Method.java:498)\n\tat org.testng.internal.MethodInvocationHelper.invokeMethod(MethodInvocationHelper.java:85)\n\tat org.testng.internal.Invoker.invokeMethod(Invoker.java:639)\n\tat org.testng.internal.Invoker.invokeTestMethod(Invoker.java:816)\n\tat org.testng.internal.Invoker.invokeTestMethods(Invoker.java:1124)\n\tat org.testng.internal.TestMethodWorker.invokeTestMethods(TestMethodWorker.java:125)\n\tat org.testng.internal.TestMethodWorker.run(TestMethodWorker.java:108)\n\tat org.testng.TestRunner.privateRun(TestRunner.java:774)\n\tat org.testng.TestRunner.run(TestRunner.java:624)\n\tat org.testng.SuiteRunner.runTest(SuiteRunner.java:359)\n\tat org.testng.SuiteRunner.access$000(SuiteRunner.java:39)\n\tat org.testng.SuiteRunner$SuiteWorker.run(SuiteRunner.java:393)\n\tat org.testng.internal.thread.ThreadUtil$2.call(ThreadUtil.java:64)\n\tat java.util.concurrent.FutureTask.run(FutureTask.java:266)\n\tat java.util.concurrent.ThreadPoolExecutor.runWorker(ThreadPoolExecutor.java:1149)\n\tat java.util.concurrent.ThreadPoolExecutor$Worker.run(ThreadPoolExecutor.java:624)\n\tat java.lang.Thread.run(Thread.java:748)\n"},"stage":"finished","steps":[],"attachments":[],"parameters":[],"start":1619575529456,"stop":1619575530180}],"attachments":[{"name":"Screenshot","source":"be01f9d1-569f-4bf8-9839-eb09a56ff575-attachment","type":"image/png"},{"name":"addVacancy failed and screenshot taken!","source":"5a87cbe8-c442-416b-afcf-9f61b43febc9-attachment","type":"text/plain"}],"parameters":[{"name":"browser","value":"chrome"}],"start":1619575529399,"stop":1619575530506,"uuid":"64407b1e-11e5-4355-860d-0a5e746dd417","historyId":"905ae172de0085189578a686d2f924fd","fullName":"AddVacancy.addVacancy","labels":[{"name":"package","value":"AddVacancy"},{"name":"testClass","value":"AddVacancy"},{"name":"testMethod","value":"addVacancy"},{"name":"parentSuite","value":"Default Suite"},{"name":"suite","value":"Chrome"},{"name":"subSuite","value":"AddVacancy"},{"name":"host","value":"Swaranjeets-MacBook-Air.local"},{"name":"thread","value":"1464@Swaranjeets-MacBook-Air.local.TestNG(12)"},{"name":"framework","value":"testng"},{"name":"language","value":"java"}],"links":[]}